{"src/js/releases.js":{"path":"src/js/releases.js","b":{},"statementMap":{"1":{"start":{"column":0,"line":3},"end":{"column":1,"line":10}},"2":{"start":{"column":4,"line":4},"end":{"column":7,"line":9}},"3":{"start":{"column":0,"line":12},"end":{"column":1,"line":25}},"4":{"start":{"column":4,"line":13},"end":{"column":18,"line":13}},"5":{"start":{"column":4,"line":14},"end":{"column":7,"line":24}},"6":{"start":{"column":12,"line":17},"end":{"column":31,"line":17}},"7":{"start":{"column":12,"line":18},"end":{"column":31,"line":18}},"8":{"start":{"column":12,"line":22},"end":{"column":34,"line":22}},"9":{"start":{"column":12,"line":23},"end":{"column":28,"line":23}},"10":{"start":{"column":0,"line":27},"end":{"column":39,"line":27}},"11":{"start":{"column":0,"line":28},"end":{"column":42,"line":28}},"12":{"start":{"column":0,"line":30},"end":{"column":46,"line":32}}},"s":{"1":10,"2":8,"3":10,"4":8,"5":8,"6":8,"7":8,"8":0,"9":0,"10":10,"11":10,"12":10},"fnMap":{"1":{"name":"ReleaseService","loc":{"start":{"column":0,"line":3},"end":{"column":35,"line":3}},"line":3},"2":{"name":"ReleasesCtrl","loc":{"start":{"column":0,"line":12},"end":{"column":38,"line":12}},"line":12},"3":{"name":"(anonymous_3)","loc":{"start":{"column":8,"line":15},"end":{"column":22,"line":15}},"line":15},"4":{"name":"(anonymous_4)","loc":{"start":{"column":8,"line":20},"end":{"column":23,"line":20}},"line":20}},"f":{"1":8,"2":8,"3":8,"4":0},"branchMap":{},"l":{"3":10,"4":8,"12":10,"13":8,"14":8,"17":8,"18":8,"22":0,"23":0,"27":10,"28":10,"30":10}},"src/js/afterMe.js":{"path":"src/js/afterMe.js","b":{},"statementMap":{"1":{"start":{"column":4,"line":3},"end":{"column":5,"line":38}},"2":{"start":{"column":8,"line":4},"end":{"column":34,"line":4}},"3":{"start":{"column":8,"line":5},"end":{"column":32,"line":5}},"4":{"start":{"column":8,"line":7},"end":{"column":9,"line":17}},"5":{"start":{"column":12,"line":8},"end":{"column":30,"line":8}},"6":{"start":{"column":12,"line":9},"end":{"column":23,"line":9}},"7":{"start":{"column":12,"line":11},"end":{"column":13,"line":14}},"8":{"start":{"column":16,"line":12},"end":{"column":77,"line":12}},"9":{"start":{"column":16,"line":13},"end":{"column":51,"line":13}},"10":{"start":{"column":12,"line":16},"end":{"column":28,"line":16}},"11":{"start":{"column":8,"line":19},"end":{"column":10,"line":21}},"12":{"start":{"column":12,"line":20},"end":{"column":63,"line":20}},"13":{"start":{"column":8,"line":23},"end":{"column":10,"line":25}},"14":{"start":{"column":12,"line":24},"end":{"column":66,"line":24}},"15":{"start":{"column":8,"line":27},"end":{"column":10,"line":30}},"16":{"start":{"column":12,"line":28},"end":{"column":62,"line":28}},"17":{"start":{"column":12,"line":29},"end":{"column":35,"line":29}},"18":{"start":{"column":8,"line":32},"end":{"column":10,"line":34}},"19":{"start":{"column":12,"line":33},"end":{"column":57,"line":33}},"20":{"start":{"column":8,"line":36},"end":{"column":58,"line":36}},"21":{"start":{"column":8,"line":37},"end":{"column":31,"line":37}},"22":{"start":{"column":4,"line":40},"end":{"column":48,"line":41}}},"s":{"1":10,"2":0,"3":0,"4":10,"5":0,"6":0,"7":0,"8":0,"9":0,"10":0,"11":0,"12":0,"13":0,"14":0,"15":0,"16":0,"17":0,"18":0,"19":0,"20":0,"21":0,"22":10},"fnMap":{"1":{"name":"AfterMeCtrl","loc":{"start":{"column":4,"line":3},"end":{"column":27,"line":3}},"line":3},"2":{"name":"generateSequence","loc":{"start":{"column":8,"line":7},"end":{"column":42,"line":7}},"line":7},"3":{"name":"(anonymous_3)","loc":{"start":{"column":34,"line":19},"end":{"column":49,"line":19}},"line":19},"4":{"name":"(anonymous_4)","loc":{"start":{"column":29,"line":23},"end":{"column":40,"line":23}},"line":23},"5":{"name":"(anonymous_5)","loc":{"start":{"column":29,"line":27},"end":{"column":40,"line":27}},"line":27},"6":{"name":"(anonymous_6)","loc":{"start":{"column":24,"line":32},"end":{"column":35,"line":32}},"line":32}},"f":{"1":0,"2":0,"3":0,"4":0,"5":0,"6":0},"branchMap":{},"l":{"3":10,"4":0,"5":0,"7":10,"8":0,"9":0,"11":0,"12":0,"13":0,"16":0,"19":0,"20":0,"23":0,"24":0,"27":0,"28":0,"29":0,"32":0,"33":0,"36":0,"37":0,"40":10}},"src/js/workshop.js":{"path":"src/js/workshop.js","b":{},"statementMap":{"1":{"start":{"column":4,"line":3},"end":{"column":8,"line":35}},"2":{"start":{"column":8,"line":16},"end":{"column":15,"line":34}}},"s":{"1":10,"2":10},"fnMap":{"1":{"name":"(anonymous_1)","loc":{"start":{"column":33,"line":15},"end":{"column":59,"line":15}},"line":15}},"f":{"1":10},"branchMap":{},"l":{"3":10,"16":10}},"src/js/grandfather.js":{"path":"src/js/grandfather.js","b":{},"statementMap":{"1":{"start":{"column":0,"line":3},"end":{"column":1,"line":10}},"2":{"start":{"column":4,"line":4},"end":{"column":23,"line":4}},"3":{"start":{"column":4,"line":5},"end":{"column":21,"line":5}},"4":{"start":{"column":4,"line":7},"end":{"column":5,"line":9}},"5":{"start":{"column":8,"line":8},"end":{"column":35,"line":8}},"6":{"start":{"column":0,"line":12},"end":{"column":52,"line":13}}},"s":{"1":10,"2":2,"3":2,"4":2,"5":2,"6":10},"fnMap":{"1":{"name":"GrandfatherCtrl","loc":{"start":{"column":0,"line":3},"end":{"column":27,"line":3}},"line":3},"2":{"name":"(anonymous_2)","loc":{"start":{"column":26,"line":7},"end":{"column":38,"line":7}},"line":7}},"f":{"1":2,"2":2},"branchMap":{},"l":{"3":10,"4":2,"5":2,"7":2,"8":2,"12":10}}}