TN:
SF:src/js/releases.js
FN:3,ReleaseService
FN:12,ReleasesCtrl
FN:15,(anonymous_3)
FN:20,(anonymous_4)
FNF:4
FNH:3
FNDA:8,ReleaseService
FNDA:8,ReleasesCtrl
FNDA:8,(anonymous_3)
FNDA:0,(anonymous_4)
DA:3,10
DA:4,8
DA:12,10
DA:13,8
DA:14,8
DA:17,8
DA:18,8
DA:22,0
DA:23,0
DA:27,10
DA:28,10
DA:30,10
LF:12
LH:10
BRF:0
BRH:0
end_of_record
TN:
SF:src/js/afterMe.js
FN:3,AfterMeCtrl
FN:7,generateSequence
FN:19,(anonymous_3)
FN:23,(anonymous_4)
FN:27,(anonymous_5)
FN:32,(anonymous_6)
FNF:6
FNH:0
FNDA:0,AfterMeCtrl
FNDA:0,generateSequence
FNDA:0,(anonymous_3)
FNDA:0,(anonymous_4)
FNDA:0,(anonymous_5)
FNDA:0,(anonymous_6)
DA:3,10
DA:4,0
DA:5,0
DA:7,10
DA:8,0
DA:9,0
DA:11,0
DA:12,0
DA:13,0
DA:16,0
DA:19,0
DA:20,0
DA:23,0
DA:24,0
DA:27,0
DA:28,0
DA:29,0
DA:32,0
DA:33,0
DA:36,0
DA:37,0
DA:40,10
LF:22
LH:3
BRF:0
BRH:0
end_of_record
TN:
SF:src/js/workshop.js
FN:15,(anonymous_1)
FNF:1
FNH:1
FNDA:10,(anonymous_1)
DA:3,10
DA:16,10
LF:2
LH:2
BRF:0
BRH:0
end_of_record
TN:
SF:src/js/grandfather.js
FN:3,GrandfatherCtrl
FN:7,(anonymous_2)
FNF:2
FNH:2
FNDA:2,GrandfatherCtrl
FNDA:2,(anonymous_2)
DA:3,10
DA:4,2
DA:5,2
DA:7,2
DA:8,2
DA:12,10
LF:6
LH:6
BRF:0
BRH:0
end_of_record
